<?xml version="1.0" encoding="UTF-8"?>
<!-- Generated by org.testng.reporters.JUnitReportReporter -->
<testsuite skipped="0" hostname="Shukan" name="Testcase.Homepage" tests="1" failures="0" timestamp="18 Nov 2019 17:19:16 GMT" time="8.976" errors="0">
  <testcase name="Loading" time="8.976" classname="Testcase.Homepage"/>
</testsuite> <!-- Testcase.Homepage -->
