<?xml version="1.0" encoding="UTF-8"?>
<!-- Generated by org.testng.reporters.JUnitReportReporter -->
<testsuite hostname="Shukan" name="UPB.Products.Landingpage" tests="2" failures="0" timestamp="19 Nov 2019 18:39:39 GMT" time="5.440" errors="0">
  <testcase name="Login" time="2.953" classname="UPB.Products.Landingpage"/>
  <testcase name="Login" time="2.487" classname="UPB.Products.Landingpage"/>
</testsuite> <!-- UPB.Products.Landingpage -->
