<?xml version="1.0" encoding="UTF-8"?>
<!-- Generated by org.testng.reporters.JUnitReportReporter -->
<testsuite hostname="Shukan" name="UPB.Products.Emailpage" tests="1" failures="0" timestamp="19 Nov 2019 18:39:39 GMT" time="3.344" errors="0">
  <testcase name="Email" time="3.344" classname="UPB.Products.Emailpage"/>
</testsuite> <!-- UPB.Products.Emailpage -->
