<?xml version="1.0" encoding="UTF-8"?>
<!-- Generated by org.testng.reporters.JUnitReportReporter -->
<testsuite skipped="0" hostname="Shukan" name="Facebook.Homepage" tests="1" failures="0" timestamp="18 Nov 2019 23:13:06 GMT" time="0.419" errors="0">
  <testcase name="Login" time="0.419" classname="Facebook.Homepage"/>
</testsuite> <!-- Facebook.Homepage -->
